#
# A fatal error has been detected by the Java Runtime Environment:
#
#  EXCEPTION_ACCESS_VIOLATION (0xc0000005) at pc=0x000000006d19a95d, pid=11448, tid=19072
#
# JRE version: 6.0_27-b07
# Java VM: Java HotSpot(TM) 64-Bit Server VM (20.2-b06 mixed mode windows-amd64 compressed oops)
# Problematic frame:
# C  [awt.dll+0xfa95d]
#
# If you would like to submit a bug report, please visit:
#   http://java.sun.com/webapps/bugreport/crash.jsp
# The crash happened outside the Java Virtual Machine in native code.
# See problematic frame for where to report the bug.
#

---------------  T H R E A D  ---------------

Current thread (0x0000000005fd9000):  JavaThread "AWT-Windows" daemon [_thread_in_native, id=19072, stack(0x0000000006e80000,0x0000000006f80000)]

siginfo: ExceptionCode=0xc0000005, reading address 0x0000000000000000

Registers:
RAX=0x0000000000002000, RBX=0x00000000072111a0, RCX=0x0000000000000000, RDX=0x000000000000017e
RSP=0x0000000006f7f6f0, RBP=0x0000000000000000, RSI=0x0000000000000006, RDI=0x0000000000000000
R8 =0x0000000000000006, R9 =0x0000000000001000, R10=0x0000000000000000, R11=0x000000006df952c0
R12=0x0000000000000000, R13=0x00000000bb126b18, R14=0x0000000006f7f9b8, R15=0x0000000005fd9000
RIP=0x000000006d19a95d, EFLAGS=0x0000000000010206

Top of Stack: (sp=0x0000000006f7f6f0)
0x0000000006f7f6f0:   0000000006f7f7a8 0000000000000000
0x0000000006f7f700:   0000000000000000 000007feff1b1574
0x0000000006f7f710:   000007fefec74e40 0000000000000000
0x0000000006f7f720:   0000000000000000 0000000000000000
0x0000000006f7f730:   0000000000000000 000000006d9c3478
0x0000000006f7f740:   0000000000000000 000000006d18e40b
0x0000000006f7f750:   0000000006079b70 000000000069083e
0x0000000006f7f760:   0000000000000001 0000000000000000
0x0000000006f7f770:   0000000005fd91d0 000000006d18e50b
0x0000000006f7f780:   0000000000000000 000000006d171bcc
0x0000000006f7f790:   0000000006079b70 0000000000000000
0x0000000006f7f7a0:   0000000005fd91d0 000000006d18e648
0x0000000006f7f7b0:   fffff88000000082 0000000006079b70
0x0000000006f7f7c0:   0000000000000001 0000000000000000
0x0000000006f7f7d0:   0000000006079b70 000000006d12223e
0x0000000006f7f7e0:   00000000001f8190 0000000006f7f998 

Instructions: (pc=0x000000006d19a95d)
0x000000006d19a93d:   e9 11 01 00 00 48 8b 89 10 a0 00 00 85 d2 b8 00
0x000000006d19a94d:   20 00 00 41 b9 00 10 00 00 44 8b c6 44 0f 44 c8
0x000000006d19a95d:   48 8b 01 41 c1 e0 05 44 89 4c 24 20 4c 8d 4c 24
0x000000006d19a96d:   30 c1 e2 05 ff 50 58 33 ff 85 c0 44 8b d8 0f 88 


Register to memory mapping:

RAX=0x0000000000002000 is an unknown value
RBX=0x00000000072111a0 is an unknown value
RCX=0x0000000000000000 is an unknown value
RDX=0x000000000000017e is an unknown value
RSP=0x0000000006f7f6f0 is pointing into the stack for thread: 0x0000000005fd9000
RBP=0x0000000000000000 is an unknown value
RSI=0x0000000000000006 is an unknown value
RDI=0x0000000000000000 is an unknown value
R8 =0x0000000000000006 is an unknown value
R9 =0x0000000000001000 is an unknown value
R10=0x0000000000000000 is an unknown value
R11=0x000000006df952c0 is an unknown value
R12=0x0000000000000000 is an unknown value
R13=0x00000000bb126b18 is an oop
{method} 
 - klass: {other class}
R14=0x0000000006f7f9b8 is pointing into the stack for thread: 0x0000000005fd9000
R15=0x0000000005fd9000 is a thread


Stack: [0x0000000006e80000,0x0000000006f80000],  sp=0x0000000006f7f6f0,  free space=1021k
Native frames: (J=compiled Java code, j=interpreted, Vv=VM code, C=native code)
C  [awt.dll+0xfa95d]  D3DVertexCacher::Render+0x5d

[error occurred during error reporting (printing native stack), id 0xc0000005]

Java frames: (J=compiled Java code, j=interpreted, Vv=VM code)
j  sun.awt.windows.WToolkit.eventLoop()V+0
j  sun.awt.windows.WToolkit.run()V+52
j  java.lang.Thread.run()V+11
v  ~StubRoutines::call_stub

---------------  P R O C E S S  ---------------

Java Threads: ( => current thread )
  0x0000000007182800 JavaThread "Thread-1" daemon [_thread_in_native, id=8412, stack(0x000000000b000000,0x000000000b100000)]
  0x0000000007184000 JavaThread "main" [_thread_blocked, id=13236, stack(0x000000000b860000,0x000000000b960000)]
  0x0000000007181800 JavaThread "AWT-EventQueue-0" [_thread_blocked, id=12772, stack(0x000000000a1f0000,0x000000000a2f0000)]
  0x0000000007181000 JavaThread "AWT-Shutdown" [_thread_blocked, id=13692, stack(0x0000000006f80000,0x0000000007080000)]
  0x00000000072c3800 JavaThread "TimerQueue" daemon [_thread_blocked, id=15580, stack(0x000000000ae00000,0x000000000af00000)]
  0x000000000064c000 JavaThread "DestroyJavaVM" [_thread_blocked, id=10732, stack(0x0000000002140000,0x0000000002240000)]
  0x0000000005ff2000 JavaThread "BlueJ worker thread" [_thread_blocked, id=17532, stack(0x0000000007080000,0x0000000007180000)]
=>0x0000000005fd9000 JavaThread "AWT-Windows" daemon [_thread_in_native, id=19072, stack(0x0000000006e80000,0x0000000006f80000)]
  0x0000000005f70000 JavaThread "Java2D Disposer" daemon [_thread_blocked, id=11360, stack(0x0000000006bf0000,0x0000000006cf0000)]
  0x0000000005f31000 JavaThread "Low Memory Detector" daemon [_thread_blocked, id=15620, stack(0x00000000067c0000,0x00000000068c0000)]
  0x0000000005f1c800 JavaThread "C2 CompilerThread1" daemon [_thread_blocked, id=10192, stack(0x00000000066c0000,0x00000000067c0000)]
  0x0000000005f1a800 JavaThread "C2 CompilerThread0" daemon [_thread_blocked, id=17600, stack(0x00000000065c0000,0x00000000066c0000)]
  0x0000000005f0c800 JavaThread "JDWP Command Reader" daemon [_thread_in_native, id=17880, stack(0x00000000064c0000,0x00000000065c0000)]
  0x0000000005f09800 JavaThread "JDWP Event Helper Thread" daemon [_thread_blocked, id=18084, stack(0x00000000063c0000,0x00000000064c0000)]
  0x000000000062f800 JavaThread "JDWP Transport Listener: dt_shmem" daemon [_thread_blocked, id=13496, stack(0x00000000062c0000,0x00000000063c0000)]
  0x0000000000625000 JavaThread "Attach Listener" daemon [_thread_blocked, id=17932, stack(0x00000000061c0000,0x00000000062c0000)]
  0x0000000000624000 JavaThread "Signal Dispatcher" daemon [_thread_blocked, id=8076, stack(0x00000000060c0000,0x00000000061c0000)]
  0x0000000000611800 JavaThread "Finalizer" daemon [_thread_blocked, id=11724, stack(0x0000000005dc0000,0x0000000005ec0000)]
  0x0000000000608000 JavaThread "Reference Handler" daemon [_thread_blocked, id=9128, stack(0x0000000005cc0000,0x0000000005dc0000)]

Other Threads:
  0x0000000000601800 VMThread [stack: 0x0000000005bc0000,0x0000000005cc0000] [id=9756]
  0x0000000005f32000 WatcherThread [stack: 0x00000000068c0000,0x00000000069c0000] [id=16964]

VM state:not at safepoint (normal execution)

VM Mutex/Monitor currently owned by a thread: None

Heap
 PSYoungGen      total 19136K, used 10710K [0x00000000eaab0000, 0x00000000ec000000, 0x0000000100000000)
  eden space 16448K, 57% used [0x00000000eaab0000,0x00000000eb3f5620,0x00000000ebac0000)
  from space 2688K, 45% used [0x00000000ebac0000,0x00000000ebbf0520,0x00000000ebd60000)
  to   space 2688K, 0% used [0x00000000ebd60000,0x00000000ebd60000,0x00000000ec000000)
 PSOldGen        total 43712K, used 0K [0x00000000c0000000, 0x00000000c2ab0000, 0x00000000eaab0000)
  object space 43712K, 0% used [0x00000000c0000000,0x00000000c0000000,0x00000000c2ab0000)
 PSPermGen       total 21248K, used 13739K [0x00000000bae00000, 0x00000000bc2c0000, 0x00000000c0000000)
  object space 21248K, 64% used [0x00000000bae00000,0x00000000bbb6af30,0x00000000bc2c0000)

Code Cache  [0x0000000002240000, 0x00000000024b0000, 0x0000000005240000)
 total_blobs=440 nmethods=44 adapters=357 free_code_cache=49710720 largest_free_block=12736

Dynamic libraries:
0x0000000000400000 - 0x000000000042e000 	C:\Program Files\Java\jdk1.6.0_27\jre\bin\java.exe
0x0000000076fe0000 - 0x000000007718c000 	C:\Windows\SYSTEM32\ntdll.dll
0x0000000076ec0000 - 0x0000000076fdf000 	C:\Windows\system32\kernel32.dll
0x000007fefd7b0000 - 0x000007fefd81c000 	C:\Windows\system32\KERNELBASE.dll
0x000007fefd820000 - 0x000007fefd8fb000 	C:\Windows\system32\ADVAPI32.dll
0x000007fefefe0000 - 0x000007feff07f000 	C:\Windows\system32\msvcrt.dll
0x000007fefe7d0000 - 0x000007fefe7ef000 	C:\Windows\SYSTEM32\sechost.dll
0x000007fefed20000 - 0x000007fefee4e000 	C:\Windows\system32\RPCRT4.dll
0x000007fefd320000 - 0x000007fefd377000 	C:\Windows\system32\apphelp.dll
0x000007fef78d0000 - 0x000007fef7921000 	C:\Windows\AppPatch\AppPatch64\AcGenral.DLL
0x000007fefd2f0000 - 0x000007fefd315000 	C:\Windows\system32\SspiCli.dll
0x000007fefe7f0000 - 0x000007fefe861000 	C:\Windows\system32\SHLWAPI.dll
0x000007fefeaa0000 - 0x000007fefeb07000 	C:\Windows\system32\GDI32.dll
0x0000000076900000 - 0x00000000769fa000 	C:\Windows\system32\USER32.dll
0x000007feff0d0000 - 0x000007feff0de000 	C:\Windows\system32\LPK.dll
0x000007feff0e0000 - 0x000007feff1aa000 	C:\Windows\system32\USP10.dll
0x000007fefeb10000 - 0x000007fefed12000 	C:\Windows\system32\ole32.dll
0x000007fefd9c0000 - 0x000007fefe746000 	C:\Windows\system32\SHELL32.dll
0x00000000729f0000 - 0x00000000729f3000 	C:\Windows\system32\sfc.dll
0x000007fef8900000 - 0x000007fef8910000 	C:\Windows\system32\sfc_os.DLL
0x000007fefc750000 - 0x000007fefc76e000 	C:\Windows\system32\USERENV.dll
0x000007fefd450000 - 0x000007fefd45f000 	C:\Windows\system32\profapi.dll
0x000007fefb770000 - 0x000007fefb788000 	C:\Windows\system32\dwmapi.dll
0x000007fef8620000 - 0x000007fef8638000 	C:\Windows\system32\MPR.dll
0x000007feff1b0000 - 0x000007feff1de000 	C:\Windows\system32\IMM32.DLL
0x000007feff1e0000 - 0x000007feff2e9000 	C:\Windows\system32\MSCTF.dll
0x000000006d890000 - 0x000000006e048000 	C:\Program Files\Java\jdk1.6.0_27\jre\bin\server\jvm.dll
0x000007fefade0000 - 0x000007fefae1b000 	C:\Windows\system32\WINMM.dll
0x000000006d800000 - 0x000000006d80e000 	C:\Program Files\Java\jdk1.6.0_27\jre\bin\verify.dll
0x000000006d450000 - 0x000000006d477000 	C:\Program Files\Java\jdk1.6.0_27\jre\bin\java.dll
0x000000006d4c0000 - 0x000000006d4f4000 	C:\Program Files\Java\jdk1.6.0_27\jre\bin\jdwp.dll
0x000000006d6d0000 - 0x000000006d6d8000 	C:\Program Files\Java\jdk1.6.0_27\jre\bin\npt.dll
0x000000006d850000 - 0x000000006d862000 	C:\Program Files\Java\jdk1.6.0_27\jre\bin\zip.dll
0x000000006d300000 - 0x000000006d30a000 	C:\Program Files\Java\jdk1.6.0_27\jre\bin\dt_shmem.dll
0x000000006d0a0000 - 0x000000006d263000 	C:\Program Files\Java\jdk1.6.0_27\jre\bin\awt.dll
0x000007fefa100000 - 0x000007fefa170000 	C:\Windows\system32\WINSPOOL.DRV
0x000007fefbbe0000 - 0x000007fefbdd4000 	C:\Windows\WinSxS\amd64_microsoft.windows.common-controls_6595b64144ccf1df_6.0.7600.16661_none_fa62ad231704eab7\COMCTL32.dll
0x000007fefbb50000 - 0x000007fefbba6000 	C:\Windows\system32\uxtheme.dll
0x000007fef3590000 - 0x000007fef360f000 	C:\Program Files\Common Files\microsoft shared\ink\tiptsf.dll
0x000007fefee50000 - 0x000007fefef27000 	C:\Windows\system32\OLEAUT32.dll
0x000007fefc550000 - 0x000007fefc55c000 	C:\Windows\system32\version.dll
0x000007fefd380000 - 0x000007fefd38f000 	C:\Windows\system32\CRYPTBASE.dll
0x000000006d340000 - 0x000000006d3a6000 	C:\Program Files\Java\jdk1.6.0_27\jre\bin\fontmanager.dll
0x000007fefa330000 - 0x000007fefa52f000 	C:\Windows\system32\d3d9.dll
0x000007fefa320000 - 0x000007fefa327000 	C:\Windows\system32\d3d8thk.dll
0x000007feeb0c0000 - 0x000007feebf57000 	C:\Windows\system32\nvd3dumx.dll
0x000007fefc2d0000 - 0x000007fefc2fc000 	C:\Windows\system32\powrprof.dll
0x000007fefe870000 - 0x000007fefea47000 	C:\Windows\system32\SETUPAPI.dll
0x000007fefd600000 - 0x000007fefd636000 	C:\Windows\system32\CFGMGR32.dll
0x000007fefd540000 - 0x000007fefd55a000 	C:\Windows\system32\DEVOBJ.dll
0x000000006d6a0000 - 0x000000006d6b7000 	C:\Program Files\Java\jdk1.6.0_27\jre\bin\net.dll
0x000007feff080000 - 0x000007feff0cd000 	C:\Windows\system32\WS2_32.dll
0x000007fefefd0000 - 0x000007fefefd8000 	C:\Windows\system32\NSI.dll
0x000007fefccc0000 - 0x000007fefcd14000 	C:\Windows\system32\mswsock.dll
0x000007fefccb0000 - 0x000007fefccb7000 	C:\Windows\System32\wship6.dll
0x000000006d6c0000 - 0x000000006d6cb000 	C:\Program Files\Java\jdk1.6.0_27\jre\bin\nio.dll
0x000000006d570000 - 0x000000006d5a5000 	C:\Program Files\Java\jdk1.6.0_27\jre\bin\jpeg.dll
0x000000006d5e0000 - 0x000000006d5ea000 	C:\Program Files\Java\jdk1.6.0_27\jre\bin\management.dll
0x000007fefaba0000 - 0x000007fefabb5000 	C:\Windows\system32\NLAapi.dll
0x000007fefcb40000 - 0x000007fefcb9b000 	C:\Windows\system32\DNSAPI.dll
0x000007fef7720000 - 0x000007fef772b000 	C:\Windows\System32\winrnr.dll
0x000007fef7700000 - 0x000007fef7715000 	C:\Windows\system32\napinsp.dll
0x000007fef76e0000 - 0x000007fef76f9000 	C:\Windows\system32\pnrpnsp.dll
0x000007fef8640000 - 0x000007fef866f000 	C:\Program Files\Common Files\Microsoft Shared\Windows Live\WLIDNSP.DLL
0x00000000771a0000 - 0x00000000771a7000 	C:\Windows\system32\PSAPI.DLL
0x000007fefc620000 - 0x000007fefc627000 	C:\Windows\System32\wshtcpip.dll
0x000007fefa550000 - 0x000007fefa577000 	C:\Windows\system32\IPHLPAPI.DLL
0x000007fefa310000 - 0x000007fefa31b000 	C:\Windows\system32\WINNSI.DLL
0x000007fef8610000 - 0x000007fef8618000 	C:\Windows\system32\rasadhlp.dll
0x000007fefa1b0000 - 0x000007fefa203000 	C:\Windows\System32\fwpuclnt.dll
0x000007fefd920000 - 0x000007fefd9b9000 	C:\Windows\system32\CLBCatQ.DLL
0x000007fefb0f0000 - 0x000007fefb144000 	C:\Windows\system32\oleacc.dll
0x000007fef5520000 - 0x000007fef5645000 	C:\Windows\system32\dbghelp.dll

VM Arguments:
jvm_args: -ea -Xdebug -Xnoagent -Xrunjdwp:transport=dt_shmem,address=javadebug 
java_command: bluej.runtime.ExecServer UTF-8
Launcher Type: SUN_STANDARD

Environment Variables:
PATH=C:\Program Files\Common Files\Microsoft Shared\Windows Live;C:\Program Files (x86)\Common Files\Microsoft Shared\Windows Live;C:\Program Files (x86)\NVIDIA Corporation\PhysX\Common;C:\Windows\system32;C:\Windows;C:\Windows\System32\Wbem;C:\Windows\System32\WindowsPowerShell\v1.0\;C:\Program Files (x86)\Windows Live\Shared;C:\Program Files (x86)\Microchip\MPLAB C32 Suite\bin
USERNAME=lestuse - ESIEE
OS=Windows_NT
PROCESSOR_IDENTIFIER=Intel64 Family 6 Model 23 Stepping 6, GenuineIntel



---------------  S Y S T E M  ---------------

OS: Windows 7 , 64 bit Build 7600 

CPU:total 2 (2 cores per cpu, 1 threads per core) family 6 model 23 stepping 6, cmov, cx8, fxsr, mmx, sse, sse2, sse3, ssse3, sse4.1

Memory: 4k page, physical 4193396k(173320k free), swap 8384892k(1667324k free)

vm_info: Java HotSpot(TM) 64-Bit Server VM (20.2-b06) for windows-amd64 JRE (1.6.0_27-b07), built on Jul 19 2011 01:08:22 by "java_re" with MS VC++ 8.0 (VS2005)

time: Sun Nov 27 16:13:56 2011
elapsed time: 4929 seconds

